{"/home/mathews/Desktop/Conversation Module/src/app.controller.ts": {"path":"/home/mathews/Desktop/Conversation Module/src/app.controller.ts","statementMap":{"0":{"start":{"line":1,"column":0},"end":{"line":1,"column":49}},"1":{"start":{"line":2,"column":0},"end":{"line":2,"column":43}},"2":{"start":{"line":5,"column":7},"end":{"line":12,"column":null}},"3":{"start":{"line":6,"column":31},"end":{"line":6,"column":43}},"4":{"start":{"line":10,"column":4},"end":{"line":10,"column":38}},"5":{"start":{"line":5,"column":13},"end":{"line":5,"column":26}},"6":{"start":{"line":9,"column":2},"end":{"line":11,"column":null}},"7":{"start":{"line":5,"column":13},"end":{"line":12,"column":null}}},"fnMap":{"0":{"name":"(anonymous_2)","decl":{"start":{"line":6,"column":2},"end":{"line":6,"column":31}},"loc":{"start":{"line":6,"column":53},"end":{"line":6,"column":57}}},"1":{"name":"(anonymous_3)","decl":{"start":{"line":9,"column":2},"end":{"line":9,"column":10}},"loc":{"start":{"line":9,"column":10},"end":{"line":11,"column":3}}}},"branchMap":{"0":{"loc":{"start":{"line":6,"column":43},"end":{"line":6,"column":56}},"type":"cond-expr","locations":[{"start":{"line":6,"column":53},"end":{"line":6,"column":56}},{"start":{"line":6,"column":53},"end":{"line":6,"column":56}}]},"1":{"loc":{"start":{"line":6,"column":43},"end":{"line":6,"column":53}},"type":"binary-expr","locations":[{"start":{"line":6,"column":43},"end":{"line":6,"column":56}},{"start":{"line":6,"column":43},"end":{"line":6,"column":53}}]}},"s":{"0":0,"1":0,"2":0,"3":0,"4":0,"5":0,"6":0,"7":0},"f":{"0":0,"1":0},"b":{"0":[0,0],"1":[0,0]}}
,"/home/mathews/Desktop/Conversation Module/src/app.module.ts": {"path":"/home/mathews/Desktop/Conversation Module/src/app.module.ts","statementMap":{"0":{"start":{"line":1,"column":0},"end":{"line":1,"column":40}},"1":{"start":{"line":2,"column":0},"end":{"line":2,"column":48}},"2":{"start":{"line":3,"column":0},"end":{"line":3,"column":49}},"3":{"start":{"line":4,"column":0},"end":{"line":4,"column":43}},"4":{"start":{"line":5,"column":0},"end":{"line":5,"column":75}},"5":{"start":{"line":6,"column":0},"end":{"line":6,"column":76}},"6":{"start":{"line":7,"column":0},"end":{"line":7,"column":99}},"7":{"start":{"line":8,"column":0},"end":{"line":8,"column":66}},"8":{"start":{"line":23,"column":7},"end":{"line":23,"column":null}},"9":{"start":{"line":23,"column":13},"end":{"line":23,"column":22}},"10":{"start":{"line":23,"column":13},"end":{"line":23,"column":null}}},"fnMap":{},"branchMap":{},"s":{"0":0,"1":0,"2":0,"3":0,"4":0,"5":0,"6":0,"7":0,"8":0,"9":0,"10":0},"f":{},"b":{}}
,"/home/mathews/Desktop/Conversation Module/src/app.service.ts": {"path":"/home/mathews/Desktop/Conversation Module/src/app.service.ts","statementMap":{"0":{"start":{"line":1,"column":0},"end":{"line":1,"column":44}},"1":{"start":{"line":4,"column":7},"end":{"line":8,"column":null}},"2":{"start":{"line":6,"column":4},"end":{"line":6,"column":26}},"3":{"start":{"line":4,"column":13},"end":{"line":4,"column":23}},"4":{"start":{"line":4,"column":13},"end":{"line":8,"column":null}}},"fnMap":{"0":{"name":"(anonymous_1)","decl":{"start":{"line":5,"column":2},"end":{"line":5,"column":10}},"loc":{"start":{"line":5,"column":10},"end":{"line":7,"column":3}}}},"branchMap":{},"s":{"0":0,"1":0,"2":0,"3":0,"4":0},"f":{"0":0},"b":{}}
,"/home/mathews/Desktop/Conversation Module/src/main.ts": {"path":"/home/mathews/Desktop/Conversation Module/src/main.ts","statementMap":{"0":{"start":{"line":1,"column":0},"end":{"line":1,"column":43}},"1":{"start":{"line":2,"column":0},"end":{"line":2,"column":41}},"2":{"start":{"line":5,"column":14},"end":{"line":5,"column":49}},"3":{"start":{"line":6,"column":2},"end":{"line":6,"column":45}},"4":{"start":{"line":8,"column":0},"end":{"line":8,"column":12}}},"fnMap":{"0":{"name":"bootstrap","decl":{"start":{"line":4,"column":15},"end":{"line":4,"column":24}},"loc":{"start":{"line":4,"column":24},"end":{"line":7,"column":1}}}},"branchMap":{"0":{"loc":{"start":{"line":6,"column":19},"end":{"line":6,"column":43}},"type":"binary-expr","locations":[{"start":{"line":6,"column":19},"end":{"line":6,"column":35}},{"start":{"line":6,"column":39},"end":{"line":6,"column":43}}]}},"s":{"0":0,"1":0,"2":0,"3":0,"4":0},"f":{"0":0},"b":{"0":[0,0]}}
,"/home/mathews/Desktop/Conversation Module/src/conversations/conversations.module.ts": {"path":"/home/mathews/Desktop/Conversation Module/src/conversations/conversations.module.ts","statementMap":{"0":{"start":{"line":1,"column":0},"end":{"line":1,"column":40}},"1":{"start":{"line":2,"column":0},"end":{"line":2,"column":48}},"2":{"start":{"line":3,"column":0},"end":{"line":3,"column":62}},"3":{"start":{"line":4,"column":0},"end":{"line":4,"column":85}},"4":{"start":{"line":5,"column":0},"end":{"line":5,"column":52}},"5":{"start":{"line":6,"column":0},"end":{"line":6,"column":72}},"6":{"start":{"line":7,"column":0},"end":{"line":7,"column":81}},"7":{"start":{"line":14,"column":7},"end":{"line":14,"column":null}},"8":{"start":{"line":14,"column":13},"end":{"line":14,"column":32}},"9":{"start":{"line":14,"column":13},"end":{"line":14,"column":null}}},"fnMap":{},"branchMap":{},"s":{"0":0,"1":0,"2":0,"3":0,"4":0,"5":0,"6":0,"7":0,"8":0,"9":0},"f":{},"b":{}}
,"/home/mathews/Desktop/Conversation Module/src/conversations/controllers/conversations.controller.ts": {"path":"/home/mathews/Desktop/Conversation Module/src/conversations/controllers/conversations.controller.ts","statementMap":{"0":{"start":{"line":1,"column":0},"end":{"line":1,"column":null}},"1":{"start":{"line":14,"column":0},"end":{"line":14,"column":73}},"2":{"start":{"line":15,"column":0},"end":{"line":15,"column":71}},"3":{"start":{"line":16,"column":0},"end":{"line":16,"column":67}},"4":{"start":{"line":19,"column":7},"end":{"line":71,"column":null}},"5":{"start":{"line":20,"column":31},"end":{"line":20,"column":53}},"6":{"start":{"line":27,"column":4},"end":{"line":31,"column":5}},"7":{"start":{"line":28,"column":6},"end":{"line":28,"column":65}},"8":{"start":{"line":30,"column":6},"end":{"line":30,"column":64}},"9":{"start":{"line":41,"column":4},"end":{"line":41,"column":94}},"10":{"start":{"line":46,"column":4},"end":{"line":46,"column":65}},"11":{"start":{"line":55,"column":4},"end":{"line":55,"column":81}},"12":{"start":{"line":60,"column":4},"end":{"line":60,"column":58}},"13":{"start":{"line":69,"column":4},"end":{"line":69,"column":75}},"14":{"start":{"line":19,"column":13},"end":{"line":19,"column":36}},"15":{"start":{"line":23,"column":8},"end":{"line":32,"column":null}},"16":{"start":{"line":35,"column":8},"end":{"line":42,"column":null}},"17":{"start":{"line":45,"column":8},"end":{"line":47,"column":null}},"18":{"start":{"line":50,"column":8},"end":{"line":56,"column":null}},"19":{"start":{"line":59,"column":8},"end":{"line":61,"column":null}},"20":{"start":{"line":64,"column":8},"end":{"line":70,"column":null}},"21":{"start":{"line":19,"column":13},"end":{"line":71,"column":null}}},"fnMap":{"0":{"name":"(anonymous_4)","decl":{"start":{"line":20,"column":2},"end":{"line":20,"column":31}},"loc":{"start":{"line":20,"column":73},"end":{"line":20,"column":77}}},"1":{"name":"(anonymous_5)","decl":{"start":{"line":23,"column":8},"end":{"line":23,"column":26}},"loc":{"start":{"line":25,"column":40},"end":{"line":32,"column":3}}},"2":{"name":"(anonymous_6)","decl":{"start":{"line":35,"column":8},"end":{"line":35,"column":24}},"loc":{"start":{"line":39,"column":99},"end":{"line":42,"column":3}}},"3":{"name":"(anonymous_7)","decl":{"start":{"line":45,"column":8},"end":{"line":45,"column":23}},"loc":{"start":{"line":45,"column":85},"end":{"line":47,"column":3}}},"4":{"name":"(anonymous_8)","decl":{"start":{"line":50,"column":8},"end":{"line":50,"column":27}},"loc":{"start":{"line":53,"column":58},"end":{"line":56,"column":3}}},"5":{"name":"(anonymous_9)","decl":{"start":{"line":59,"column":8},"end":{"line":59,"column":16}},"loc":{"start":{"line":59,"column":78},"end":{"line":61,"column":3}}},"6":{"name":"(anonymous_10)","decl":{"start":{"line":64,"column":8},"end":{"line":64,"column":24}},"loc":{"start":{"line":67,"column":52},"end":{"line":70,"column":3}}}},"branchMap":{"0":{"loc":{"start":{"line":27,"column":4},"end":{"line":31,"column":5}},"type":"if","locations":[{"start":{"line":27,"column":4},"end":{"line":31,"column":5}},{"start":{"line":29,"column":11},"end":{"line":31,"column":5}}]},"1":{"loc":{"start":{"line":24,"column":17},"end":{"line":24,"column":null}},"type":"cond-expr","locations":[{"start":{"line":24,"column":38},"end":{"line":24,"column":null}},{"start":{"line":24,"column":38},"end":{"line":24,"column":null}}]},"2":{"loc":{"start":{"line":24,"column":17},"end":{"line":24,"column":38}},"type":"binary-expr","locations":[{"start":{"line":24,"column":17},"end":{"line":24,"column":null}},{"start":{"line":24,"column":17},"end":{"line":24,"column":38}}]},"3":{"loc":{"start":{"line":20,"column":53},"end":{"line":20,"column":76}},"type":"cond-expr","locations":[{"start":{"line":20,"column":73},"end":{"line":20,"column":76}},{"start":{"line":20,"column":73},"end":{"line":20,"column":76}}]},"4":{"loc":{"start":{"line":20,"column":53},"end":{"line":20,"column":73}},"type":"binary-expr","locations":[{"start":{"line":20,"column":53},"end":{"line":20,"column":76}},{"start":{"line":20,"column":53},"end":{"line":20,"column":73}}]}},"s":{"0":1,"1":1,"2":1,"3":1,"4":1,"5":7,"6":2,"7":1,"8":1,"9":1,"10":1,"11":1,"12":1,"13":1,"14":1,"15":1,"16":1,"17":1,"18":1,"19":1,"20":1,"21":1},"f":{"0":7,"1":2,"2":1,"3":1,"4":1,"5":1,"6":1},"b":{"0":[1,1],"1":[1,0],"2":[1,1],"3":[1,0],"4":[1,1]}}
,"/home/mathews/Desktop/Conversation Module/src/conversations/dto/conversation-response.dto.ts": {"path":"/home/mathews/Desktop/Conversation Module/src/conversations/dto/conversation-response.dto.ts","statementMap":{"0":{"start":{"line":3,"column":0},"end":{"line":3,"column":13}},"1":{"start":{"line":10,"column":0},"end":{"line":10,"column":13}}},"fnMap":{},"branchMap":{},"s":{"0":0,"1":0},"f":{},"b":{}}
,"/home/mathews/Desktop/Conversation Module/src/conversations/dto/create-conversation.dto.ts": {"path":"/home/mathews/Desktop/Conversation Module/src/conversations/dto/create-conversation.dto.ts","statementMap":{"0":{"start":{"line":1,"column":0},"end":{"line":1,"column":99}},"1":{"start":{"line":2,"column":0},"end":{"line":2,"column":67}},"2":{"start":{"line":4,"column":0},"end":{"line":4,"column":13}},"3":{"start":{"line":6,"column":2},"end":{"line":6,"column":null}},"4":{"start":{"line":10,"column":2},"end":{"line":10,"column":null}},"5":{"start":{"line":8,"column":21},"end":{"line":8,"column":54}},"6":{"start":{"line":15,"column":2},"end":{"line":15,"column":null}}},"fnMap":{"0":{"name":"(anonymous_2)","decl":{"start":{"line":8,"column":14},"end":{"line":8,"column":15}},"loc":{"start":{"line":8,"column":21},"end":{"line":8,"column":54}}}},"branchMap":{"0":{"loc":{"start":{"line":6,"column":8},"end":{"line":6,"column":25}},"type":"cond-expr","locations":[{"start":{"line":6,"column":24},"end":{"line":6,"column":25}},{"start":{"line":6,"column":24},"end":{"line":6,"column":25}}]},"1":{"loc":{"start":{"line":6,"column":8},"end":{"line":6,"column":24}},"type":"binary-expr","locations":[{"start":{"line":6,"column":8},"end":{"line":6,"column":25}},{"start":{"line":6,"column":8},"end":{"line":6,"column":24}}]}},"s":{"0":1,"1":1,"2":1,"3":1,"4":1,"5":0,"6":1},"f":{"0":0},"b":{"0":[0,1],"1":[1,1]}}
,"/home/mathews/Desktop/Conversation Module/src/conversations/entities/conversation-participant.entity.ts": {"path":"/home/mathews/Desktop/Conversation Module/src/conversations/entities/conversation-participant.entity.ts","statementMap":{"0":{"start":{"line":1,"column":0},"end":{"line":1,"column":106}},"1":{"start":{"line":2,"column":0},"end":{"line":2,"column":53}},"2":{"start":{"line":5,"column":7},"end":{"line":27,"column":null}},"3":{"start":{"line":5,"column":13},"end":{"line":5,"column":36}},"4":{"start":{"line":7,"column":2},"end":{"line":7,"column":null}},"5":{"start":{"line":10,"column":2},"end":{"line":10,"column":null}},"6":{"start":{"line":13,"column":2},"end":{"line":13,"column":null}},"7":{"start":{"line":16,"column":2},"end":{"line":16,"column":null}},"8":{"start":{"line":19,"column":2},"end":{"line":19,"column":null}},"9":{"start":{"line":22,"column":2},"end":{"line":22,"column":null}},"10":{"start":{"line":26,"column":2},"end":{"line":26,"column":null}},"11":{"start":{"line":24,"column":19},"end":{"line":24,"column":31}},"12":{"start":{"line":24,"column":51},"end":{"line":24,"column":76}},"13":{"start":{"line":5,"column":13},"end":{"line":27,"column":null}}},"fnMap":{"0":{"name":"(anonymous_2)","decl":{"start":{"line":24,"column":13},"end":{"line":24,"column":16}},"loc":{"start":{"line":24,"column":19},"end":{"line":24,"column":31}}},"1":{"name":"(anonymous_3)","decl":{"start":{"line":24,"column":33},"end":{"line":24,"column":34}},"loc":{"start":{"line":24,"column":51},"end":{"line":24,"column":76}}}},"branchMap":{"0":{"loc":{"start":{"line":16,"column":12},"end":{"line":16,"column":17}},"type":"cond-expr","locations":[{"start":{"line":16,"column":16},"end":{"line":16,"column":17}},{"start":{"line":16,"column":16},"end":{"line":16,"column":17}}]},"1":{"loc":{"start":{"line":16,"column":12},"end":{"line":16,"column":16}},"type":"binary-expr","locations":[{"start":{"line":16,"column":12},"end":{"line":16,"column":17}},{"start":{"line":16,"column":12},"end":{"line":16,"column":16}}]},"2":{"loc":{"start":{"line":19,"column":15},"end":{"line":19,"column":20}},"type":"cond-expr","locations":[{"start":{"line":19,"column":19},"end":{"line":19,"column":20}},{"start":{"line":19,"column":19},"end":{"line":19,"column":20}}]},"3":{"loc":{"start":{"line":19,"column":15},"end":{"line":19,"column":19}},"type":"binary-expr","locations":[{"start":{"line":19,"column":15},"end":{"line":19,"column":20}},{"start":{"line":19,"column":15},"end":{"line":19,"column":19}}]},"4":{"loc":{"start":{"line":26,"column":16},"end":{"line":26,"column":29}},"type":"cond-expr","locations":[{"start":{"line":26,"column":28},"end":{"line":26,"column":29}},{"start":{"line":26,"column":28},"end":{"line":26,"column":29}}]},"5":{"loc":{"start":{"line":26,"column":16},"end":{"line":26,"column":28}},"type":"binary-expr","locations":[{"start":{"line":26,"column":16},"end":{"line":26,"column":29}},{"start":{"line":26,"column":16},"end":{"line":26,"column":28}}]}},"s":{"0":2,"1":2,"2":2,"3":2,"4":2,"5":2,"6":2,"7":2,"8":2,"9":2,"10":2,"11":0,"12":0,"13":2},"f":{"0":0,"1":0},"b":{"0":[2,0],"1":[2,2],"2":[2,0],"3":[2,2],"4":[0,2],"5":[2,0]}}
,"/home/mathews/Desktop/Conversation Module/src/conversations/entities/conversation.entity.ts": {"path":"/home/mathews/Desktop/Conversation Module/src/conversations/entities/conversation.entity.ts","statementMap":{"0":{"start":{"line":1,"column":0},"end":{"line":1,"column":112}},"1":{"start":{"line":2,"column":0},"end":{"line":2,"column":76}},"2":{"start":{"line":3,"column":0},"end":{"line":3,"column":43}},"3":{"start":{"line":5,"column":0},"end":{"line":5,"column":null}},"4":{"start":{"line":6,"column":2},"end":{"line":6,"column":null}},"5":{"start":{"line":7,"column":2},"end":{"line":7,"column":null}},"6":{"start":{"line":11,"column":7},"end":{"line":45,"column":null}},"7":{"start":{"line":11,"column":13},"end":{"line":11,"column":25}},"8":{"start":{"line":13,"column":2},"end":{"line":13,"column":null}},"9":{"start":{"line":20,"column":2},"end":{"line":20,"column":null}},"10":{"start":{"line":23,"column":2},"end":{"line":23,"column":null}},"11":{"start":{"line":26,"column":2},"end":{"line":26,"column":null}},"12":{"start":{"line":29,"column":2},"end":{"line":29,"column":null}},"13":{"start":{"line":32,"column":2},"end":{"line":32,"column":null}},"14":{"start":{"line":35,"column":2},"end":{"line":35,"column":null}},"15":{"start":{"line":38,"column":2},"end":{"line":38,"column":null}},"16":{"start":{"line":41,"column":2},"end":{"line":41,"column":null}},"17":{"start":{"line":40,"column":19},"end":{"line":40,"column":42}},"18":{"start":{"line":40,"column":61},"end":{"line":40,"column":85}},"19":{"start":{"line":44,"column":2},"end":{"line":44,"column":null}},"20":{"start":{"line":43,"column":19},"end":{"line":43,"column":26}},"21":{"start":{"line":43,"column":41},"end":{"line":43,"column":61}},"22":{"start":{"line":11,"column":13},"end":{"line":45,"column":null}}},"fnMap":{"0":{"name":"(anonymous_2)","decl":{"start":{"line":5,"column":0},"end":{"line":5,"column":12}},"loc":{"start":{"line":5,"column":28},"end":{"line":8,"column":1}}},"1":{"name":"(anonymous_3)","decl":{"start":{"line":40,"column":13},"end":{"line":40,"column":16}},"loc":{"start":{"line":40,"column":19},"end":{"line":40,"column":42}}},"2":{"name":"(anonymous_4)","decl":{"start":{"line":40,"column":44},"end":{"line":40,"column":45}},"loc":{"start":{"line":40,"column":61},"end":{"line":40,"column":85}}},"3":{"name":"(anonymous_5)","decl":{"start":{"line":43,"column":13},"end":{"line":43,"column":16}},"loc":{"start":{"line":43,"column":19},"end":{"line":43,"column":26}}},"4":{"name":"(anonymous_6)","decl":{"start":{"line":43,"column":28},"end":{"line":43,"column":29}},"loc":{"start":{"line":43,"column":41},"end":{"line":43,"column":61}}}},"branchMap":{"0":{"loc":{"start":{"line":5,"column":12},"end":{"line":5,"column":null}},"type":"binary-expr","locations":[{"start":{"line":5,"column":12},"end":{"line":5,"column":28}},{"start":{"line":5,"column":28},"end":{"line":5,"column":null}}]},"1":{"loc":{"start":{"line":29,"column":18},"end":{"line":29,"column":23}},"type":"cond-expr","locations":[{"start":{"line":29,"column":22},"end":{"line":29,"column":23}},{"start":{"line":29,"column":22},"end":{"line":29,"column":23}}]},"2":{"loc":{"start":{"line":29,"column":18},"end":{"line":29,"column":22}},"type":"binary-expr","locations":[{"start":{"line":29,"column":18},"end":{"line":29,"column":23}},{"start":{"line":29,"column":18},"end":{"line":29,"column":22}}]},"3":{"loc":{"start":{"line":35,"column":13},"end":{"line":35,"column":18}},"type":"cond-expr","locations":[{"start":{"line":35,"column":17},"end":{"line":35,"column":18}},{"start":{"line":35,"column":17},"end":{"line":35,"column":18}}]},"4":{"loc":{"start":{"line":35,"column":13},"end":{"line":35,"column":17}},"type":"binary-expr","locations":[{"start":{"line":35,"column":13},"end":{"line":35,"column":18}},{"start":{"line":35,"column":13},"end":{"line":35,"column":17}}]},"5":{"loc":{"start":{"line":38,"column":13},"end":{"line":38,"column":18}},"type":"cond-expr","locations":[{"start":{"line":38,"column":17},"end":{"line":38,"column":18}},{"start":{"line":38,"column":17},"end":{"line":38,"column":18}}]},"6":{"loc":{"start":{"line":38,"column":13},"end":{"line":38,"column":17}},"type":"binary-expr","locations":[{"start":{"line":38,"column":13},"end":{"line":38,"column":18}},{"start":{"line":38,"column":13},"end":{"line":38,"column":17}}]}},"s":{"0":2,"1":2,"2":2,"3":2,"4":2,"5":2,"6":2,"7":2,"8":2,"9":2,"10":2,"11":2,"12":2,"13":2,"14":2,"15":2,"16":2,"17":0,"18":0,"19":2,"20":0,"21":0,"22":2},"f":{"0":2,"1":0,"2":0,"3":0,"4":0},"b":{"0":[2,2],"1":[2,0],"2":[2,2],"3":[2,0],"4":[2,2],"5":[2,0],"6":[2,2]}}
,"/home/mathews/Desktop/Conversation Module/src/conversations/entities/message.entity.ts": {"path":"/home/mathews/Desktop/Conversation Module/src/conversations/entities/message.entity.ts","statementMap":{"0":{"start":{"line":1,"column":0},"end":{"line":1,"column":106}},"1":{"start":{"line":2,"column":0},"end":{"line":2,"column":53}},"2":{"start":{"line":5,"column":7},"end":{"line":24,"column":null}},"3":{"start":{"line":5,"column":13},"end":{"line":5,"column":20}},"4":{"start":{"line":7,"column":2},"end":{"line":7,"column":null}},"5":{"start":{"line":10,"column":2},"end":{"line":10,"column":null}},"6":{"start":{"line":13,"column":2},"end":{"line":13,"column":null}},"7":{"start":{"line":16,"column":2},"end":{"line":16,"column":null}},"8":{"start":{"line":19,"column":2},"end":{"line":19,"column":null}},"9":{"start":{"line":23,"column":2},"end":{"line":23,"column":null}},"10":{"start":{"line":21,"column":19},"end":{"line":21,"column":31}},"11":{"start":{"line":5,"column":13},"end":{"line":24,"column":null}}},"fnMap":{"0":{"name":"(anonymous_2)","decl":{"start":{"line":21,"column":13},"end":{"line":21,"column":16}},"loc":{"start":{"line":21,"column":19},"end":{"line":21,"column":31}}}},"branchMap":{"0":{"loc":{"start":{"line":19,"column":13},"end":{"line":19,"column":18}},"type":"cond-expr","locations":[{"start":{"line":19,"column":17},"end":{"line":19,"column":18}},{"start":{"line":19,"column":17},"end":{"line":19,"column":18}}]},"1":{"loc":{"start":{"line":19,"column":13},"end":{"line":19,"column":17}},"type":"binary-expr","locations":[{"start":{"line":19,"column":13},"end":{"line":19,"column":18}},{"start":{"line":19,"column":13},"end":{"line":19,"column":17}}]},"2":{"loc":{"start":{"line":23,"column":16},"end":{"line":23,"column":29}},"type":"cond-expr","locations":[{"start":{"line":23,"column":28},"end":{"line":23,"column":29}},{"start":{"line":23,"column":28},"end":{"line":23,"column":29}}]},"3":{"loc":{"start":{"line":23,"column":16},"end":{"line":23,"column":28}},"type":"binary-expr","locations":[{"start":{"line":23,"column":16},"end":{"line":23,"column":29}},{"start":{"line":23,"column":16},"end":{"line":23,"column":28}}]}},"s":{"0":2,"1":2,"2":2,"3":2,"4":2,"5":2,"6":2,"7":2,"8":2,"9":2,"10":0,"11":2},"f":{"0":0},"b":{"0":[2,0],"1":[2,2],"2":[0,2],"3":[2,0]}}
,"/home/mathews/Desktop/Conversation Module/src/conversations/services/conversations.service.ts": {"path":"/home/mathews/Desktop/Conversation Module/src/conversations/services/conversations.service.ts","statementMap":{"0":{"start":{"line":1,"column":0},"end":{"line":1,"column":103}},"1":{"start":{"line":2,"column":0},"end":{"line":2,"column":51}},"2":{"start":{"line":3,"column":0},"end":{"line":3,"column":66}},"3":{"start":{"line":4,"column":0},"end":{"line":4,"column":81}},"4":{"start":{"line":5,"column":0},"end":{"line":5,"column":86}},"5":{"start":{"line":6,"column":0},"end":{"line":6,"column":53}},"6":{"start":{"line":11,"column":7},"end":{"line":265,"column":null}},"7":{"start":{"line":14,"column":21},"end":{"line":14,"column":39}},"8":{"start":{"line":16,"column":21},"end":{"line":16,"column":38}},"9":{"start":{"line":18,"column":21},"end":{"line":18,"column":34}},"10":{"start":{"line":22,"column":4},"end":{"line":24,"column":5}},"11":{"start":{"line":23,"column":6},"end":{"line":23,"column":81}},"12":{"start":{"line":25,"column":4},"end":{"line":27,"column":5}},"13":{"start":{"line":26,"column":6},"end":{"line":26,"column":92}},"14":{"start":{"line":29,"column":25},"end":{"line":29,"column":41}},"15":{"start":{"line":30,"column":4},"end":{"line":32,"column":5}},"16":{"start":{"line":31,"column":6},"end":{"line":31,"column":84}},"17":{"start":{"line":35,"column":21},"end":{"line":40,"column":15}},"18":{"start":{"line":42,"column":4},"end":{"line":44,"column":5}},"19":{"start":{"line":43,"column":6},"end":{"line":43,"column":22}},"20":{"start":{"line":46,"column":25},"end":{"line":49,"column":6}},"21":{"start":{"line":51,"column":18},"end":{"line":51,"column":64}},"22":{"start":{"line":53,"column":32},"end":{"line":57,"column":null}},"23":{"start":{"line":54,"column":6},"end":{"line":57,"column":8}},"24":{"start":{"line":60,"column":4},"end":{"line":60,"column":57}},"25":{"start":{"line":62,"column":4},"end":{"line":62,"column":57}},"26":{"start":{"line":66,"column":4},"end":{"line":68,"column":5}},"27":{"start":{"line":67,"column":6},"end":{"line":67,"column":80}},"28":{"start":{"line":69,"column":4},"end":{"line":71,"column":5}},"29":{"start":{"line":70,"column":6},"end":{"line":70,"column":74}},"30":{"start":{"line":73,"column":25},"end":{"line":73,"column":41}},"31":{"start":{"line":74,"column":4},"end":{"line":76,"column":5}},"32":{"start":{"line":75,"column":6},"end":{"line":75,"column":39}},"33":{"start":{"line":78,"column":25},"end":{"line":82,"column":6}},"34":{"start":{"line":84,"column":18},"end":{"line":84,"column":64}},"35":{"start":{"line":86,"column":32},"end":{"line":90,"column":null}},"36":{"start":{"line":87,"column":6},"end":{"line":90,"column":8}},"37":{"start":{"line":93,"column":4},"end":{"line":93,"column":57}},"38":{"start":{"line":95,"column":4},"end":{"line":95,"column":57}},"39":{"start":{"line":104,"column":18},"end":{"line":118,"column":23}},"40":{"start":{"line":108,"column":25},"end":{"line":113,"column":21}},"41":{"start":{"line":114,"column":8},"end":{"line":114,"column":37}},"42":{"start":{"line":120,"column":4},"end":{"line":122,"column":5}},"43":{"start":{"line":121,"column":6},"end":{"line":121,"column":74}},"44":{"start":{"line":124,"column":4},"end":{"line":128,"column":5}},"45":{"start":{"line":127,"column":6},"end":{"line":127,"column":51}},"46":{"start":{"line":130,"column":26},"end":{"line":130,"column":47}},"47":{"start":{"line":132,"column":20},"end":{"line":132,"column":48}},"48":{"start":{"line":133,"column":22},"end":{"line":133,"column":77}},"49":{"start":{"line":135,"column":20},"end":{"line":139,"column":null}},"50":{"start":{"line":137,"column":28},"end":{"line":137,"column":73}},"51":{"start":{"line":138,"column":8},"end":{"line":138,"column":58}},"52":{"start":{"line":142,"column":4},"end":{"line":145,"column":6}},"53":{"start":{"line":149,"column":25},"end":{"line":152,"column":6}},"54":{"start":{"line":154,"column":4},"end":{"line":156,"column":5}},"55":{"start":{"line":155,"column":6},"end":{"line":155,"column":60}},"56":{"start":{"line":158,"column":21},"end":{"line":158,"column":79}},"57":{"start":{"line":158,"column":59},"end":{"line":158,"column":78}},"58":{"start":{"line":159,"column":4},"end":{"line":161,"column":5}},"59":{"start":{"line":160,"column":6},"end":{"line":160,"column":81}},"60":{"start":{"line":163,"column":24},"end":{"line":163,"column":67}},"61":{"start":{"line":164,"column":4},"end":{"line":164,"column":65}},"62":{"start":{"line":168,"column":25},"end":{"line":171,"column":6}},"63":{"start":{"line":173,"column":4},"end":{"line":175,"column":5}},"64":{"start":{"line":174,"column":6},"end":{"line":174,"column":60}},"65":{"start":{"line":177,"column":21},"end":{"line":177,"column":79}},"66":{"start":{"line":177,"column":59},"end":{"line":177,"column":78}},"67":{"start":{"line":178,"column":4},"end":{"line":180,"column":5}},"68":{"start":{"line":179,"column":6},"end":{"line":179,"column":81}},"69":{"start":{"line":182,"column":4},"end":{"line":182,"column":41}},"70":{"start":{"line":183,"column":4},"end":{"line":183,"column":51}},"71":{"start":{"line":187,"column":24},"end":{"line":189,"column":6}},"72":{"start":{"line":191,"column":4},"end":{"line":193,"column":5}},"73":{"start":{"line":192,"column":6},"end":{"line":192,"column":59}},"74":{"start":{"line":195,"column":4},"end":{"line":195,"column":40}},"75":{"start":{"line":196,"column":4},"end":{"line":196,"column":49}},"76":{"start":{"line":200,"column":24},"end":{"line":202,"column":6}},"77":{"start":{"line":204,"column":4},"end":{"line":206,"column":5}},"78":{"start":{"line":205,"column":6},"end":{"line":205,"column":59}},"79":{"start":{"line":208,"column":4},"end":{"line":208,"column":34}},"80":{"start":{"line":209,"column":4},"end":{"line":209,"column":49}},"81":{"start":{"line":213,"column":24},"end":{"line":215,"column":6}},"82":{"start":{"line":217,"column":4},"end":{"line":217,"column":31}},"83":{"start":{"line":217,"column":22},"end":{"line":217,"column":31}},"84":{"start":{"line":219,"column":18},"end":{"line":222,"column":52}},"85":{"start":{"line":224,"column":4},"end":{"line":226,"column":5}},"86":{"start":{"line":225,"column":6},"end":{"line":225,"column":90}},"87":{"start":{"line":228,"column":4},"end":{"line":228,"column":28}},"88":{"start":{"line":232,"column":4},"end":{"line":247,"column":6}},"89":{"start":{"line":240,"column":47},"end":{"line":245,"column":8}},"90":{"start":{"line":252,"column":20},"end":{"line":256,"column":6}},"91":{"start":{"line":257,"column":18},"end":{"line":257,"column":54}},"92":{"start":{"line":259,"column":4},"end":{"line":261,"column":7}},"93":{"start":{"line":263,"column":4},"end":{"line":263,"column":17}},"94":{"start":{"line":11,"column":13},"end":{"line":11,"column":33}},"95":{"start":{"line":11,"column":13},"end":{"line":265,"column":null}}},"fnMap":{"0":{"name":"(anonymous_4)","decl":{"start":{"line":12,"column":2},"end":{"line":12,"column":null}},"loc":{"start":{"line":18,"column":53},"end":{"line":19,"column":6}}},"1":{"name":"(anonymous_5)","decl":{"start":{"line":21,"column":2},"end":{"line":21,"column":7}},"loc":{"start":{"line":21,"column":70},"end":{"line":63,"column":3}}},"2":{"name":"(anonymous_6)","decl":{"start":{"line":53,"column":49},"end":{"line":53,"column":50}},"loc":{"start":{"line":54,"column":6},"end":{"line":57,"column":8}}},"3":{"name":"(anonymous_7)","decl":{"start":{"line":65,"column":2},"end":{"line":65,"column":7}},"loc":{"start":{"line":65,"column":69},"end":{"line":96,"column":3}}},"4":{"name":"(anonymous_8)","decl":{"start":{"line":86,"column":49},"end":{"line":86,"column":50}},"loc":{"start":{"line":87,"column":6},"end":{"line":90,"column":8}}},"5":{"name":"(anonymous_9)","decl":{"start":{"line":98,"column":2},"end":{"line":98,"column":7}},"loc":{"start":{"line":102,"column":36},"end":{"line":146,"column":3}}},"6":{"name":"(anonymous_10)","decl":{"start":{"line":107,"column":13},"end":{"line":107,"column":14}},"loc":{"start":{"line":107,"column":20},"end":{"line":115,"column":7}}},"7":{"name":"(anonymous_11)","decl":{"start":{"line":136,"column":20},"end":{"line":136,"column":25}},"loc":{"start":{"line":136,"column":32},"end":{"line":139,"column":7}}},"8":{"name":"(anonymous_12)","decl":{"start":{"line":148,"column":2},"end":{"line":148,"column":7}},"loc":{"start":{"line":148,"column":50},"end":{"line":165,"column":3}}},"9":{"name":"(anonymous_13)","decl":{"start":{"line":158,"column":52},"end":{"line":158,"column":53}},"loc":{"start":{"line":158,"column":59},"end":{"line":158,"column":78}}},"10":{"name":"(anonymous_14)","decl":{"start":{"line":167,"column":2},"end":{"line":167,"column":7}},"loc":{"start":{"line":167,"column":75},"end":{"line":184,"column":3}}},"11":{"name":"(anonymous_15)","decl":{"start":{"line":177,"column":52},"end":{"line":177,"column":53}},"loc":{"start":{"line":177,"column":59},"end":{"line":177,"column":78}}},"12":{"name":"(anonymous_16)","decl":{"start":{"line":186,"column":2},"end":{"line":186,"column":7}},"loc":{"start":{"line":186,"column":43},"end":{"line":197,"column":3}}},"13":{"name":"(anonymous_17)","decl":{"start":{"line":199,"column":2},"end":{"line":199,"column":7}},"loc":{"start":{"line":199,"column":69},"end":{"line":210,"column":3}}},"14":{"name":"(anonymous_18)","decl":{"start":{"line":212,"column":10},"end":{"line":212,"column":15}},"loc":{"start":{"line":212,"column":75},"end":{"line":229,"column":3}}},"15":{"name":"(anonymous_19)","decl":{"start":{"line":231,"column":10},"end":{"line":231,"column":23}},"loc":{"start":{"line":231,"column":76},"end":{"line":248,"column":3}}},"16":{"name":"(anonymous_20)","decl":{"start":{"line":240,"column":39},"end":{"line":240,"column":40}},"loc":{"start":{"line":240,"column":47},"end":{"line":245,"column":8}}},"17":{"name":"(anonymous_21)","decl":{"start":{"line":251,"column":2},"end":{"line":251,"column":7}},"loc":{"start":{"line":251,"column":77},"end":{"line":264,"column":3}}}},"branchMap":{"0":{"loc":{"start":{"line":22,"column":4},"end":{"line":24,"column":5}},"type":"if","locations":[{"start":{"line":22,"column":4},"end":{"line":24,"column":5}},{"start":{},"end":{}}]},"1":{"loc":{"start":{"line":25,"column":4},"end":{"line":27,"column":5}},"type":"if","locations":[{"start":{"line":25,"column":4},"end":{"line":27,"column":5}},{"start":{},"end":{}}]},"2":{"loc":{"start":{"line":30,"column":4},"end":{"line":32,"column":5}},"type":"if","locations":[{"start":{"line":30,"column":4},"end":{"line":32,"column":5}},{"start":{},"end":{}}]},"3":{"loc":{"start":{"line":42,"column":4},"end":{"line":44,"column":5}},"type":"if","locations":[{"start":{"line":42,"column":4},"end":{"line":44,"column":5}},{"start":{},"end":{}}]},"4":{"loc":{"start":{"line":66,"column":4},"end":{"line":68,"column":5}},"type":"if","locations":[{"start":{"line":66,"column":4},"end":{"line":68,"column":5}},{"start":{},"end":{}}]},"5":{"loc":{"start":{"line":69,"column":4},"end":{"line":71,"column":5}},"type":"if","locations":[{"start":{"line":69,"column":4},"end":{"line":71,"column":5}},{"start":{},"end":{}}]},"6":{"loc":{"start":{"line":74,"column":4},"end":{"line":76,"column":5}},"type":"if","locations":[{"start":{"line":74,"column":4},"end":{"line":76,"column":5}},{"start":{},"end":{}}]},"7":{"loc":{"start":{"line":100,"column":4},"end":{"line":100,"column":22}},"type":"default-arg","locations":[{"start":{"line":100,"column":20},"end":{"line":100,"column":22}}]},"8":{"loc":{"start":{"line":102,"column":4},"end":{"line":102,"column":36}},"type":"default-arg","locations":[{"start":{"line":102,"column":31},"end":{"line":102,"column":36}}]},"9":{"loc":{"start":{"line":120,"column":4},"end":{"line":122,"column":5}},"type":"if","locations":[{"start":{"line":120,"column":4},"end":{"line":122,"column":5}},{"start":{},"end":{}}]},"10":{"loc":{"start":{"line":124,"column":4},"end":{"line":128,"column":5}},"type":"if","locations":[{"start":{"line":124,"column":4},"end":{"line":128,"column":5}},{"start":{},"end":{}}]},"11":{"loc":{"start":{"line":133,"column":22},"end":{"line":133,"column":77}},"type":"cond-expr","locations":[{"start":{"line":133,"column":32},"end":{"line":133,"column":61}},{"start":{"line":133,"column":64},"end":{"line":133,"column":77}}]},"12":{"loc":{"start":{"line":144,"column":18},"end":{"line":144,"column":74}},"type":"cond-expr","locations":[{"start":{"line":144,"column":28},"end":{"line":144,"column":62}},{"start":{"line":144,"column":65},"end":{"line":144,"column":74}}]},"13":{"loc":{"start":{"line":154,"column":4},"end":{"line":156,"column":5}},"type":"if","locations":[{"start":{"line":154,"column":4},"end":{"line":156,"column":5}},{"start":{},"end":{}}]},"14":{"loc":{"start":{"line":159,"column":4},"end":{"line":161,"column":5}},"type":"if","locations":[{"start":{"line":159,"column":4},"end":{"line":161,"column":5}},{"start":{},"end":{}}]},"15":{"loc":{"start":{"line":173,"column":4},"end":{"line":175,"column":5}},"type":"if","locations":[{"start":{"line":173,"column":4},"end":{"line":175,"column":5}},{"start":{},"end":{}}]},"16":{"loc":{"start":{"line":178,"column":4},"end":{"line":180,"column":5}},"type":"if","locations":[{"start":{"line":178,"column":4},"end":{"line":180,"column":5}},{"start":{},"end":{}}]},"17":{"loc":{"start":{"line":191,"column":4},"end":{"line":193,"column":5}},"type":"if","locations":[{"start":{"line":191,"column":4},"end":{"line":193,"column":5}},{"start":{},"end":{}}]},"18":{"loc":{"start":{"line":204,"column":4},"end":{"line":206,"column":5}},"type":"if","locations":[{"start":{"line":204,"column":4},"end":{"line":206,"column":5}},{"start":{},"end":{}}]},"19":{"loc":{"start":{"line":217,"column":4},"end":{"line":217,"column":31}},"type":"if","locations":[{"start":{"line":217,"column":4},"end":{"line":217,"column":31}},{"start":{},"end":{}}]},"20":{"loc":{"start":{"line":224,"column":4},"end":{"line":226,"column":5}},"type":"if","locations":[{"start":{"line":224,"column":4},"end":{"line":226,"column":5}},{"start":{},"end":{}}]},"21":{"loc":{"start":{"line":14,"column":39},"end":{"line":14,"column":63}},"type":"cond-expr","locations":[{"start":{"line":14,"column":49},"end":{"line":14,"column":63}},{"start":{"line":14,"column":49},"end":{"line":14,"column":63}}]},"22":{"loc":{"start":{"line":14,"column":39},"end":{"line":14,"column":49}},"type":"binary-expr","locations":[{"start":{"line":14,"column":39},"end":{"line":14,"column":63}},{"start":{"line":14,"column":39},"end":{"line":14,"column":49}}]},"23":{"loc":{"start":{"line":14,"column":49},"end":{"line":16,"column":73}},"type":"cond-expr","locations":[{"start":{"line":16,"column":48},"end":{"line":16,"column":73}},{"start":{"line":16,"column":48},"end":{"line":16,"column":73}}]},"24":{"loc":{"start":{"line":14,"column":49},"end":{"line":16,"column":48}},"type":"binary-expr","locations":[{"start":{"line":14,"column":49},"end":{"line":16,"column":73}},{"start":{"line":16,"column":38},"end":{"line":16,"column":48}}]},"25":{"loc":{"start":{"line":16,"column":48},"end":{"line":18,"column":53}},"type":"cond-expr","locations":[{"start":{"line":18,"column":44},"end":{"line":18,"column":53}},{"start":{"line":18,"column":44},"end":{"line":18,"column":53}}]},"26":{"loc":{"start":{"line":16,"column":48},"end":{"line":18,"column":44}},"type":"binary-expr","locations":[{"start":{"line":16,"column":48},"end":{"line":18,"column":53}},{"start":{"line":18,"column":34},"end":{"line":18,"column":44}}]}},"s":{"0":2,"1":2,"2":2,"3":2,"4":2,"5":2,"6":2,"7":11,"8":11,"9":11,"10":1,"11":0,"12":1,"13":0,"14":1,"15":1,"16":1,"17":0,"18":0,"19":0,"20":0,"21":0,"22":0,"23":0,"24":0,"25":0,"26":2,"27":1,"28":1,"29":1,"30":0,"31":0,"32":0,"33":0,"34":0,"35":0,"36":0,"37":0,"38":0,"39":2,"40":0,"41":0,"42":2,"43":2,"44":2,"45":1,"46":2,"47":2,"48":2,"49":2,"50":1,"51":1,"52":2,"53":2,"54":2,"55":0,"56":2,"57":2,"58":2,"59":1,"60":1,"61":1,"62":0,"63":0,"64":0,"65":0,"66":0,"67":0,"68":0,"69":0,"70":0,"71":0,"72":0,"73":0,"74":0,"75":0,"76":2,"77":2,"78":1,"79":1,"80":1,"81":1,"82":1,"83":1,"84":0,"85":0,"86":0,"87":0,"88":2,"89":2,"90":1,"91":1,"92":1,"93":1,"94":2,"95":2},"f":{"0":11,"1":1,"2":0,"3":2,"4":0,"5":2,"6":0,"7":1,"8":2,"9":2,"10":0,"11":0,"12":0,"13":2,"14":1,"15":2,"16":2,"17":1},"b":{"0":[0,1],"1":[0,1],"2":[1,0],"3":[0,0],"4":[1,1],"5":[1,0],"6":[0,0],"7":[0],"8":[2],"9":[2,0],"10":[1,1],"11":[1,1],"12":[1,1],"13":[0,2],"14":[1,1],"15":[0,0],"16":[0,0],"17":[0,0],"18":[1,1],"19":[1,0],"20":[0,0],"21":[2,0],"22":[2,2],"23":[2,0],"24":[2,2],"25":[2,0],"26":[2,2]}}
}
