TN:
SF:src/app.controller.ts
FN:6,(anonymous_2)
FN:9,(anonymous_3)
FNF:2
FNH:0
FNDA:0,(anonymous_2)
FNDA:0,(anonymous_3)
DA:1,0
DA:2,0
DA:5,0
DA:6,0
DA:9,0
DA:10,0
LF:6
LH:0
BRDA:6,0,0,0
BRDA:6,0,1,0
BRDA:6,1,0,0
BRDA:6,1,1,0
BRF:4
BRH:0
end_of_record
TN:
SF:src/app.module.ts
FNF:0
FNH:0
DA:1,0
DA:2,0
DA:3,0
DA:4,0
DA:5,0
DA:6,0
DA:7,0
DA:8,0
DA:23,0
LF:9
LH:0
BRF:0
BRH:0
end_of_record
TN:
SF:src/app.service.ts
FN:5,(anonymous_1)
FNF:1
FNH:0
FNDA:0,(anonymous_1)
DA:1,0
DA:4,0
DA:6,0
LF:3
LH:0
BRF:0
BRH:0
end_of_record
TN:
SF:src/main.ts
FN:4,bootstrap
FNF:1
FNH:0
FNDA:0,bootstrap
DA:1,0
DA:2,0
DA:5,0
DA:6,0
DA:8,0
LF:5
LH:0
BRDA:6,0,0,0
BRDA:6,0,1,0
BRF:2
BRH:0
end_of_record
TN:
SF:src/conversations/conversations.module.ts
FNF:0
FNH:0
DA:1,0
DA:2,0
DA:3,0
DA:4,0
DA:5,0
DA:6,0
DA:7,0
DA:14,0
LF:8
LH:0
BRF:0
BRH:0
end_of_record
TN:
SF:src/conversations/controllers/conversations.controller.ts
FN:20,(anonymous_4)
FN:23,(anonymous_5)
FN:35,(anonymous_6)
FN:45,(anonymous_7)
FN:50,(anonymous_8)
FN:59,(anonymous_9)
FN:64,(anonymous_10)
FNF:7
FNH:7
FNDA:7,(anonymous_4)
FNDA:2,(anonymous_5)
FNDA:1,(anonymous_6)
FNDA:1,(anonymous_7)
FNDA:1,(anonymous_8)
FNDA:1,(anonymous_9)
FNDA:1,(anonymous_10)
DA:1,1
DA:14,1
DA:15,1
DA:16,1
DA:19,1
DA:20,7
DA:23,1
DA:27,2
DA:28,1
DA:30,1
DA:35,1
DA:41,1
DA:45,1
DA:46,1
DA:50,1
DA:55,1
DA:59,1
DA:60,1
DA:64,1
DA:69,1
LF:20
LH:20
BRDA:27,0,0,1
BRDA:27,0,1,1
BRDA:24,1,0,1
BRDA:24,1,1,0
BRDA:24,2,0,1
BRDA:24,2,1,1
BRDA:20,3,0,1
BRDA:20,3,1,0
BRDA:20,4,0,1
BRDA:20,4,1,1
BRF:10
BRH:8
end_of_record
TN:
SF:src/conversations/dto/conversation-response.dto.ts
FNF:0
FNH:0
DA:3,0
DA:10,0
LF:2
LH:0
BRF:0
BRH:0
end_of_record
TN:
SF:src/conversations/dto/create-conversation.dto.ts
FN:8,(anonymous_2)
FNF:1
FNH:0
FNDA:0,(anonymous_2)
DA:1,1
DA:2,1
DA:4,1
DA:6,1
DA:8,0
DA:10,1
DA:15,1
LF:7
LH:6
BRDA:6,0,0,0
BRDA:6,0,1,1
BRDA:6,1,0,1
BRDA:6,1,1,1
BRF:4
BRH:3
end_of_record
TN:
SF:src/conversations/entities/conversation-participant.entity.ts
FN:24,(anonymous_2)
FN:24,(anonymous_3)
FNF:2
FNH:0
FNDA:0,(anonymous_2)
FNDA:0,(anonymous_3)
DA:1,2
DA:2,2
DA:5,2
DA:7,2
DA:10,2
DA:13,2
DA:16,2
DA:19,2
DA:22,2
DA:24,0
DA:26,2
LF:11
LH:10
BRDA:16,0,0,2
BRDA:16,0,1,0
BRDA:16,1,0,2
BRDA:16,1,1,2
BRDA:19,2,0,2
BRDA:19,2,1,0
BRDA:19,3,0,2
BRDA:19,3,1,2
BRDA:26,4,0,0
BRDA:26,4,1,2
BRDA:26,5,0,2
BRDA:26,5,1,0
BRF:12
BRH:8
end_of_record
TN:
SF:src/conversations/entities/conversation.entity.ts
FN:5,(anonymous_2)
FN:40,(anonymous_3)
FN:40,(anonymous_4)
FN:43,(anonymous_5)
FN:43,(anonymous_6)
FNF:5
FNH:1
FNDA:2,(anonymous_2)
FNDA:0,(anonymous_3)
FNDA:0,(anonymous_4)
FNDA:0,(anonymous_5)
FNDA:0,(anonymous_6)
DA:1,2
DA:2,2
DA:3,2
DA:5,2
DA:6,2
DA:7,2
DA:11,2
DA:13,2
DA:20,2
DA:23,2
DA:26,2
DA:29,2
DA:32,2
DA:35,2
DA:38,2
DA:40,0
DA:41,2
DA:43,0
DA:44,2
LF:19
LH:17
BRDA:5,0,0,2
BRDA:5,0,1,2
BRDA:29,1,0,2
BRDA:29,1,1,0
BRDA:29,2,0,2
BRDA:29,2,1,2
BRDA:35,3,0,2
BRDA:35,3,1,0
BRDA:35,4,0,2
BRDA:35,4,1,2
BRDA:38,5,0,2
BRDA:38,5,1,0
BRDA:38,6,0,2
BRDA:38,6,1,2
BRF:14
BRH:11
end_of_record
TN:
SF:src/conversations/entities/message.entity.ts
FN:21,(anonymous_2)
FNF:1
FNH:0
FNDA:0,(anonymous_2)
DA:1,2
DA:2,2
DA:5,2
DA:7,2
DA:10,2
DA:13,2
DA:16,2
DA:19,2
DA:21,0
DA:23,2
LF:10
LH:9
BRDA:19,0,0,2
BRDA:19,0,1,0
BRDA:19,1,0,2
BRDA:19,1,1,2
BRDA:23,2,0,0
BRDA:23,2,1,2
BRDA:23,3,0,2
BRDA:23,3,1,0
BRF:8
BRH:5
end_of_record
TN:
SF:src/conversations/services/conversations.service.ts
FN:12,(anonymous_4)
FN:21,(anonymous_5)
FN:53,(anonymous_6)
FN:65,(anonymous_7)
FN:86,(anonymous_8)
FN:98,(anonymous_9)
FN:107,(anonymous_10)
FN:136,(anonymous_11)
FN:148,(anonymous_12)
FN:158,(anonymous_13)
FN:167,(anonymous_14)
FN:177,(anonymous_15)
FN:186,(anonymous_16)
FN:199,(anonymous_17)
FN:212,(anonymous_18)
FN:231,(anonymous_19)
FN:240,(anonymous_20)
FN:251,(anonymous_21)
FNF:18
FNH:12
FNDA:11,(anonymous_4)
FNDA:1,(anonymous_5)
FNDA:0,(anonymous_6)
FNDA:2,(anonymous_7)
FNDA:0,(anonymous_8)
FNDA:2,(anonymous_9)
FNDA:0,(anonymous_10)
FNDA:1,(anonymous_11)
FNDA:2,(anonymous_12)
FNDA:2,(anonymous_13)
FNDA:0,(anonymous_14)
FNDA:0,(anonymous_15)
FNDA:0,(anonymous_16)
FNDA:2,(anonymous_17)
FNDA:1,(anonymous_18)
FNDA:2,(anonymous_19)
FNDA:2,(anonymous_20)
FNDA:1,(anonymous_21)
DA:1,2
DA:2,2
DA:3,2
DA:4,2
DA:5,2
DA:6,2
DA:11,2
DA:14,11
DA:16,11
DA:18,11
DA:22,1
DA:23,0
DA:25,1
DA:26,0
DA:29,1
DA:30,1
DA:31,1
DA:35,0
DA:42,0
DA:43,0
DA:46,0
DA:51,0
DA:53,0
DA:54,0
DA:60,0
DA:62,0
DA:66,2
DA:67,1
DA:69,1
DA:70,1
DA:73,0
DA:74,0
DA:75,0
DA:78,0
DA:84,0
DA:86,0
DA:87,0
DA:93,0
DA:95,0
DA:104,2
DA:108,0
DA:114,0
DA:120,2
DA:121,2
DA:124,2
DA:127,1
DA:130,2
DA:132,2
DA:133,2
DA:135,2
DA:137,1
DA:138,1
DA:142,2
DA:149,2
DA:154,2
DA:155,0
DA:158,2
DA:159,2
DA:160,1
DA:163,1
DA:164,1
DA:168,0
DA:173,0
DA:174,0
DA:177,0
DA:178,0
DA:179,0
DA:182,0
DA:183,0
DA:187,0
DA:191,0
DA:192,0
DA:195,0
DA:196,0
DA:200,2
DA:204,2
DA:205,1
DA:208,1
DA:209,1
DA:213,1
DA:217,1
DA:219,0
DA:224,0
DA:225,0
DA:228,0
DA:232,2
DA:240,2
DA:252,1
DA:257,1
DA:259,1
DA:263,1
LF:91
LH:51
BRDA:22,0,0,0
BRDA:22,0,1,1
BRDA:25,1,0,0
BRDA:25,1,1,1
BRDA:30,2,0,1
BRDA:30,2,1,0
BRDA:42,3,0,0
BRDA:42,3,1,0
BRDA:66,4,0,1
BRDA:66,4,1,1
BRDA:69,5,0,1
BRDA:69,5,1,0
BRDA:74,6,0,0
BRDA:74,6,1,0
BRDA:100,7,0,0
BRDA:102,8,0,2
BRDA:120,9,0,2
BRDA:120,9,1,0
BRDA:124,10,0,1
BRDA:124,10,1,1
BRDA:133,11,0,1
BRDA:133,11,1,1
BRDA:144,12,0,1
BRDA:144,12,1,1
BRDA:154,13,0,0
BRDA:154,13,1,2
BRDA:159,14,0,1
BRDA:159,14,1,1
BRDA:173,15,0,0
BRDA:173,15,1,0
BRDA:178,16,0,0
BRDA:178,16,1,0
BRDA:191,17,0,0
BRDA:191,17,1,0
BRDA:204,18,0,1
BRDA:204,18,1,1
BRDA:217,19,0,1
BRDA:217,19,1,0
BRDA:224,20,0,0
BRDA:224,20,1,0
BRDA:14,21,0,2
BRDA:14,21,1,0
BRDA:14,22,0,2
BRDA:14,22,1,2
BRDA:14,23,0,2
BRDA:14,23,1,0
BRDA:14,24,0,2
BRDA:14,24,1,2
BRDA:16,25,0,2
BRDA:16,25,1,0
BRDA:16,26,0,2
BRDA:16,26,1,2
BRF:52
BRH:29
end_of_record
