TN:
SF:src/messages/message.entity.ts
FN:1,(anonymous_0)
FN:8,(anonymous_1)
FNF:2
FNH:1
FNDA:4,(anonymous_0)
FNDA:0,(anonymous_1)
DA:1,4
DA:2,4
DA:3,4
DA:4,4
DA:5,4
DA:8,4
DA:15,0
DA:16,0
LF:8
LH:6
BRDA:1,0,0,4
BRDA:1,0,1,4
BRF:2
BRH:2
end_of_record
TN:
SF:src/messages/messages.controller.ts
FN:21,(anonymous_4)
FN:24,(anonymous_5)
FN:37,(anonymous_6)
FN:54,(anonymous_7)
FN:60,(anonymous_8)
FNF:5
FNH:5
FNDA:5,(anonymous_4)
FNDA:2,(anonymous_5)
FNDA:2,(anonymous_6)
FNDA:1,(anonymous_7)
FNDA:1,(anonymous_8)
DA:1,1
DA:13,1
DA:14,1
DA:15,1
DA:16,1
DA:20,1
DA:21,5
DA:24,1
DA:29,2
DA:30,1
DA:32,1
DA:33,1
DA:37,1
DA:42,2
DA:43,2
DA:47,2
DA:54,1
DA:55,1
DA:56,1
DA:60,1
DA:61,1
DA:62,1
LF:22
LH:22
BRDA:29,0,0,1
BRDA:39,1,0,0
BRDA:44,2,0,1
BRDA:44,2,1,1
BRDA:49,3,0,1
BRDA:49,3,1,1
BRDA:49,4,0,2
BRDA:49,4,1,1
BRF:8
BRH:7
end_of_record
TN:
SF:src/messages/messages.gateway.ts
FN:13,(anonymous_2)
FNF:1
FNH:1
FNDA:1,(anonymous_2)
DA:1,3
DA:2,3
DA:3,3
DA:5,3
DA:9,3
DA:11,3
DA:14,1
DA:16,1
LF:8
LH:8
BRF:0
BRH:0
end_of_record
TN:
SF:src/messages/messages.repository.ts
FN:16,(anonymous_1)
FN:19,(anonymous_2)
FN:38,(anonymous_3)
FN:39,(anonymous_4)
FN:42,(anonymous_5)
FN:47,(anonymous_6)
FN:48,(anonymous_7)
FN:58,(anonymous_8)
FN:74,(anonymous_9)
FN:75,(anonymous_10)
FNF:10
FNH:10
FNDA:11,(anonymous_1)
FNDA:13,(anonymous_2)
FNDA:12,(anonymous_3)
FNDA:7,(anonymous_4)
FNDA:7,(anonymous_5)
FNDA:21,(anonymous_6)
FNDA:14,(anonymous_7)
FNDA:6,(anonymous_8)
FNDA:7,(anonymous_9)
FNDA:8,(anonymous_10)
DA:1,3
DA:2,3
DA:4,3
DA:16,3
DA:17,11
DA:20,13
DA:34,13
DA:35,13
DA:39,12
DA:43,7
DA:44,7
DA:46,7
DA:47,21
DA:49,14
DA:50,2
DA:52,12
DA:55,7
DA:56,7
DA:57,3
DA:58,6
DA:60,3
DA:61,1
DA:64,7
DA:65,7
DA:66,7
DA:68,7
DA:75,8
DA:76,7
DA:77,6
DA:79,1
DA:81,7
LF:31
LH:31
BRDA:26,0,0,0
BRDA:26,0,1,13
BRDA:26,1,0,13
BRDA:26,1,1,0
BRDA:44,2,0,3
BRDA:44,2,1,4
BRDA:49,3,0,2
BRDA:56,4,0,3
BRDA:58,5,0,6
BRDA:58,5,1,2
BRDA:60,6,0,2
BRDA:60,6,1,1
BRDA:70,7,0,4
BRDA:70,7,1,3
BRDA:70,8,0,7
BRDA:70,8,1,4
BRDA:76,9,0,6
BRDA:76,9,1,1
BRF:18
BRH:16
end_of_record
TN:
SF:src/messages/messages.service.ts
FN:12,(anonymous_2)
FN:18,(anonymous_3)
FN:34,(anonymous_4)
FN:42,(anonymous_5)
FN:54,(anonymous_6)
FN:63,(anonymous_7)
FN:67,(anonymous_8)
FN:73,(anonymous_9)
FN:81,(anonymous_10)
FN:89,(anonymous_11)
FNF:10
FNH:9
FNDA:9,(anonymous_2)
FNDA:10,(anonymous_3)
FNDA:0,(anonymous_4)
FNDA:3,(anonymous_5)
FNDA:3,(anonymous_6)
FNDA:2,(anonymous_7)
FNDA:1,(anonymous_8)
FNDA:3,(anonymous_9)
FNDA:2,(anonymous_10)
FNDA:11,(anonymous_11)
DA:1,2
DA:3,2
DA:7,2
DA:8,2
DA:11,2
DA:13,9
DA:14,9
DA:15,9
DA:19,10
DA:20,10
DA:21,10
DA:31,10
DA:34,10
DA:36,0
DA:39,10
DA:43,3
DA:44,3
DA:45,2
DA:47,1
DA:48,1
DA:49,1
DA:50,1
DA:51,1
DA:55,3
DA:56,3
DA:57,2
DA:58,2
DA:59,2
DA:60,2
DA:64,2
DA:68,1
DA:69,1
DA:70,0
DA:74,3
DA:75,3
DA:76,2
DA:77,2
DA:78,2
DA:82,2
DA:83,2
DA:84,1
DA:85,1
DA:86,1
DA:90,11
LF:44
LH:42
BRDA:26,0,0,0
BRDA:26,0,1,10
BRDA:26,1,0,10
BRDA:26,1,1,10
BRDA:44,2,0,1
BRDA:45,3,0,1
BRDA:56,4,0,1
BRDA:69,5,0,1
BRDA:75,6,0,1
BRDA:76,7,0,1
BRDA:76,7,1,1
BRDA:76,8,0,2
BRDA:76,8,1,1
BRDA:83,9,0,1
BRF:14
BRH:13
end_of_record
TN:
SF:src/messages/pagination.ts
FN:11,encodeCursor
FN:15,decodeCursor
FNF:2
FNH:2
FNDA:5,encodeCursor
FNDA:5,decodeCursor
DA:11,4
DA:12,5
DA:15,4
DA:16,5
DA:17,5
DA:18,5
DA:19,4
DA:21,0
LF:8
LH:7
BRDA:18,0,0,1
BRDA:18,1,0,5
BRDA:18,1,1,5
BRF:3
BRH:3
end_of_record
TN:
SF:src/messages/soroban.service.ts
FN:5,(anonymous_1)
FN:8,(anonymous_2)
FN:11,(anonymous_3)
FNF:3
FNH:3
FNDA:1,(anonymous_1)
FNDA:1,(anonymous_2)
FNDA:1,(anonymous_3)
DA:1,3
DA:2,3
DA:5,3
DA:6,1
DA:10,1
DA:11,1
DA:12,1
LF:7
LH:7
BRF:0
BRH:0
end_of_record
