{"/home/mathews/Desktop/Contact & Friends Module/src/contacts/contacts.controller.ts": {"path":"/home/mathews/Desktop/Contact & Friends Module/src/contacts/contacts.controller.ts","statementMap":{"0":{"start":{"line":1,"column":0},"end":{"line":1,"column":null}},"1":{"start":{"line":17,"column":0},"end":{"line":17,"column":54}},"2":{"start":{"line":18,"column":0},"end":{"line":18,"column":61}},"3":{"start":{"line":20,"column":0},"end":{"line":20,"column":53}},"4":{"start":{"line":21,"column":0},"end":{"line":21,"column":54}},"5":{"start":{"line":26,"column":7},"end":{"line":92,"column":null}},"6":{"start":{"line":27,"column":31},"end":{"line":27,"column":48}},"7":{"start":{"line":35,"column":4},"end":{"line":35,"column":58}},"8":{"start":{"line":46,"column":4},"end":{"line":46,"column":75}},"9":{"start":{"line":52,"column":4},"end":{"line":52,"column":58}},"10":{"start":{"line":61,"column":4},"end":{"line":61,"column":67}},"11":{"start":{"line":71,"column":4},"end":{"line":71,"column":67}},"12":{"start":{"line":80,"column":4},"end":{"line":80,"column":62}},"13":{"start":{"line":90,"column":4},"end":{"line":90,"column":64}},"14":{"start":{"line":26,"column":13},"end":{"line":26,"column":31}},"15":{"start":{"line":31,"column":2},"end":{"line":36,"column":null}},"16":{"start":{"line":40,"column":2},"end":{"line":47,"column":null}},"17":{"start":{"line":51,"column":2},"end":{"line":53,"column":null}},"18":{"start":{"line":57,"column":2},"end":{"line":62,"column":null}},"19":{"start":{"line":67,"column":2},"end":{"line":72,"column":null}},"20":{"start":{"line":76,"column":2},"end":{"line":81,"column":null}},"21":{"start":{"line":86,"column":2},"end":{"line":91,"column":null}},"22":{"start":{"line":26,"column":13},"end":{"line":92,"column":null}}},"fnMap":{"0":{"name":"(anonymous_4)","decl":{"start":{"line":27,"column":2},"end":{"line":27,"column":31}},"loc":{"start":{"line":27,"column":63},"end":{"line":27,"column":67}}},"1":{"name":"(anonymous_5)","decl":{"start":{"line":31,"column":2},"end":{"line":31,"column":12}},"loc":{"start":{"line":33,"column":30},"end":{"line":36,"column":3}}},"2":{"name":"(anonymous_6)","decl":{"start":{"line":40,"column":2},"end":{"line":40,"column":13}},"loc":{"start":{"line":44,"column":36},"end":{"line":47,"column":3}}},"3":{"name":"(anonymous_7)","decl":{"start":{"line":51,"column":2},"end":{"line":51,"column":17}},"loc":{"start":{"line":51,"column":49},"end":{"line":53,"column":3}}},"4":{"name":"(anonymous_8)","decl":{"start":{"line":57,"column":2},"end":{"line":57,"column":15}},"loc":{"start":{"line":59,"column":49},"end":{"line":62,"column":3}}},"5":{"name":"(anonymous_9)","decl":{"start":{"line":67,"column":2},"end":{"line":67,"column":15}},"loc":{"start":{"line":69,"column":49},"end":{"line":72,"column":3}}},"6":{"name":"(anonymous_10)","decl":{"start":{"line":76,"column":2},"end":{"line":76,"column":11}},"loc":{"start":{"line":78,"column":48},"end":{"line":81,"column":3}}},"7":{"name":"(anonymous_11)","decl":{"start":{"line":86,"column":2},"end":{"line":86,"column":13}},"loc":{"start":{"line":88,"column":48},"end":{"line":91,"column":3}}}},"branchMap":{},"s":{"0":1,"1":1,"2":1,"3":1,"4":1,"5":1,"6":1,"7":0,"8":2,"9":1,"10":1,"11":1,"12":1,"13":1,"14":1,"15":1,"16":1,"17":1,"18":1,"19":1,"20":1,"21":1,"22":1},"f":{"0":1,"1":0,"2":2,"3":1,"4":1,"5":1,"6":1,"7":1},"b":{}}
,"/home/mathews/Desktop/Contact & Friends Module/src/contacts/contacts.repository.ts": {"path":"/home/mathews/Desktop/Contact & Friends Module/src/contacts/contacts.repository.ts","statementMap":{"0":{"start":{"line":1,"column":0},"end":{"line":1,"column":44}},"1":{"start":{"line":2,"column":0},"end":{"line":2,"column":51}},"2":{"start":{"line":3,"column":0},"end":{"line":3,"column":44}},"3":{"start":{"line":4,"column":0},"end":{"line":4,"column":67}},"4":{"start":{"line":13,"column":7},"end":{"line":92,"column":null}},"5":{"start":{"line":16,"column":21},"end":{"line":16,"column":27}},"6":{"start":{"line":20,"column":20},"end":{"line":20,"column":42}},"7":{"start":{"line":21,"column":4},"end":{"line":21,"column":35}},"8":{"start":{"line":25,"column":4},"end":{"line":25,"column":64}},"9":{"start":{"line":29,"column":4},"end":{"line":29,"column":48}},"10":{"start":{"line":38,"column":15},"end":{"line":41,"column":73}},"11":{"start":{"line":43,"column":4},"end":{"line":46,"column":5}},"12":{"start":{"line":45,"column":6},"end":{"line":45,"column":70}},"13":{"start":{"line":48,"column":4},"end":{"line":48,"column":75}},"14":{"start":{"line":50,"column":4},"end":{"line":50,"column":32}},"15":{"start":{"line":54,"column":4},"end":{"line":57,"column":7}},"16":{"start":{"line":61,"column":4},"end":{"line":61,"column":35}},"17":{"start":{"line":65,"column":4},"end":{"line":65,"column":36}},"18":{"start":{"line":72,"column":18},"end":{"line":74,"column":6}},"19":{"start":{"line":75,"column":4},"end":{"line":75,"column":21}},"20":{"start":{"line":82,"column":18},"end":{"line":89,"column":17}},"21":{"start":{"line":90,"column":4},"end":{"line":90,"column":21}},"22":{"start":{"line":13,"column":13},"end":{"line":13,"column":31}},"23":{"start":{"line":13,"column":13},"end":{"line":92,"column":null}}},"fnMap":{"0":{"name":"(anonymous_4)","decl":{"start":{"line":14,"column":2},"end":{"line":14,"column":null}},"loc":{"start":{"line":16,"column":46},"end":{"line":17,"column":6}}},"1":{"name":"(anonymous_5)","decl":{"start":{"line":19,"column":2},"end":{"line":19,"column":7}},"loc":{"start":{"line":19,"column":37},"end":{"line":22,"column":3}}},"2":{"name":"(anonymous_6)","decl":{"start":{"line":24,"column":2},"end":{"line":24,"column":7}},"loc":{"start":{"line":24,"column":50},"end":{"line":26,"column":3}}},"3":{"name":"(anonymous_7)","decl":{"start":{"line":28,"column":2},"end":{"line":28,"column":7}},"loc":{"start":{"line":28,"column":27},"end":{"line":30,"column":3}}},"4":{"name":"(anonymous_8)","decl":{"start":{"line":32,"column":2},"end":{"line":32,"column":7}},"loc":{"start":{"line":36,"column":19},"end":{"line":51,"column":3}}},"5":{"name":"(anonymous_9)","decl":{"start":{"line":53,"column":2},"end":{"line":53,"column":7}},"loc":{"start":{"line":53,"column":35},"end":{"line":58,"column":3}}},"6":{"name":"(anonymous_10)","decl":{"start":{"line":60,"column":2},"end":{"line":60,"column":7}},"loc":{"start":{"line":60,"column":29},"end":{"line":62,"column":3}}},"7":{"name":"(anonymous_11)","decl":{"start":{"line":64,"column":2},"end":{"line":64,"column":7}},"loc":{"start":{"line":64,"column":31},"end":{"line":66,"column":3}}},"8":{"name":"(anonymous_12)","decl":{"start":{"line":71,"column":2},"end":{"line":71,"column":7}},"loc":{"start":{"line":71,"column":53},"end":{"line":76,"column":3}}},"9":{"name":"(anonymous_13)","decl":{"start":{"line":81,"column":2},"end":{"line":81,"column":7}},"loc":{"start":{"line":81,"column":52},"end":{"line":91,"column":3}}}},"branchMap":{"0":{"loc":{"start":{"line":34,"column":4},"end":{"line":34,"column":12}},"type":"default-arg","locations":[{"start":{"line":34,"column":11},"end":{"line":34,"column":12}}]},"1":{"loc":{"start":{"line":35,"column":4},"end":{"line":35,"column":14}},"type":"default-arg","locations":[{"start":{"line":35,"column":12},"end":{"line":35,"column":14}}]},"2":{"loc":{"start":{"line":43,"column":4},"end":{"line":46,"column":5}},"type":"if","locations":[{"start":{"line":43,"column":4},"end":{"line":46,"column":5}}]}},"s":{"0":2,"1":2,"2":2,"3":2,"4":2,"5":0,"6":0,"7":0,"8":0,"9":0,"10":0,"11":0,"12":0,"13":0,"14":0,"15":0,"16":0,"17":0,"18":0,"19":0,"20":0,"21":0,"22":2,"23":2},"f":{"0":0,"1":0,"2":0,"3":0,"4":0,"5":0,"6":0,"7":0,"8":0,"9":0},"b":{"0":[0],"1":[0],"2":[0]}}
,"/home/mathews/Desktop/Contact & Friends Module/src/contacts/contacts.service.ts": {"path":"/home/mathews/Desktop/Contact & Friends Module/src/contacts/contacts.service.ts","statementMap":{"0":{"start":{"line":1,"column":0},"end":{"line":1,"column":null}},"1":{"start":{"line":8,"column":0},"end":{"line":8,"column":56}},"2":{"start":{"line":9,"column":0},"end":{"line":9,"column":59}},"3":{"start":{"line":10,"column":0},"end":{"line":10,"column":67}},"4":{"start":{"line":12,"column":0},"end":{"line":12,"column":86}},"5":{"start":{"line":13,"column":0},"end":{"line":13,"column":69}},"6":{"start":{"line":16,"column":7},"end":{"line":199,"column":null}},"7":{"start":{"line":18,"column":21},"end":{"line":18,"column":35}},"8":{"start":{"line":19,"column":21},"end":{"line":19,"column":40}},"9":{"start":{"line":25,"column":4},"end":{"line":27,"column":5}},"10":{"start":{"line":26,"column":6},"end":{"line":26,"column":72}},"11":{"start":{"line":30,"column":20},"end":{"line":30,"column":83}},"12":{"start":{"line":31,"column":4},"end":{"line":33,"column":5}},"13":{"start":{"line":32,"column":6},"end":{"line":32,"column":77}},"14":{"start":{"line":35,"column":21},"end":{"line":35,"column":76}},"15":{"start":{"line":36,"column":4},"end":{"line":38,"column":5}},"16":{"start":{"line":37,"column":6},"end":{"line":37,"column":68}},"17":{"start":{"line":40,"column":20},"end":{"line":45,"column":6}},"18":{"start":{"line":47,"column":4},"end":{"line":47,"column":31}},"19":{"start":{"line":52,"column":20},"end":{"line":52,"column":75}},"20":{"start":{"line":53,"column":4},"end":{"line":55,"column":5}},"21":{"start":{"line":54,"column":6},"end":{"line":54,"column":63}},"22":{"start":{"line":56,"column":4},"end":{"line":58,"column":5}},"23":{"start":{"line":57,"column":6},"end":{"line":57,"column":68}},"24":{"start":{"line":60,"column":4},"end":{"line":60,"column":44}},"25":{"start":{"line":61,"column":18},"end":{"line":61,"column":55}},"26":{"start":{"line":64,"column":20},"end":{"line":64,"column":75}},"27":{"start":{"line":65,"column":4},"end":{"line":75,"column":5}},"28":{"start":{"line":66,"column":6},"end":{"line":71,"column":9}},"29":{"start":{"line":73,"column":6},"end":{"line":73,"column":46}},"30":{"start":{"line":74,"column":6},"end":{"line":74,"column":44}},"31":{"start":{"line":77,"column":4},"end":{"line":77,"column":29}},"32":{"start":{"line":81,"column":20},"end":{"line":81,"column":71}},"33":{"start":{"line":82,"column":4},"end":{"line":84,"column":5}},"34":{"start":{"line":83,"column":6},"end":{"line":83,"column":55}},"35":{"start":{"line":85,"column":4},"end":{"line":85,"column":44}},"36":{"start":{"line":88,"column":20},"end":{"line":88,"column":71}},"37":{"start":{"line":89,"column":4},"end":{"line":91,"column":5}},"38":{"start":{"line":90,"column":6},"end":{"line":90,"column":46}},"39":{"start":{"line":95,"column":4},"end":{"line":97,"column":5}},"40":{"start":{"line":96,"column":6},"end":{"line":96,"column":61}},"41":{"start":{"line":99,"column":18},"end":{"line":99,"column":68}},"42":{"start":{"line":100,"column":4},"end":{"line":110,"column":5}},"43":{"start":{"line":101,"column":6},"end":{"line":101,"column":45}},"44":{"start":{"line":102,"column":6},"end":{"line":102,"column":54}},"45":{"start":{"line":104,"column":6},"end":{"line":109,"column":9}},"46":{"start":{"line":113,"column":4},"end":{"line":113,"column":78}},"47":{"start":{"line":115,"column":4},"end":{"line":115,"column":31}},"48":{"start":{"line":119,"column":20},"end":{"line":119,"column":70}},"49":{"start":{"line":120,"column":4},"end":{"line":122,"column":5}},"50":{"start":{"line":121,"column":6},"end":{"line":121,"column":53}},"51":{"start":{"line":124,"column":4},"end":{"line":124,"column":44}},"52":{"start":{"line":127,"column":4},"end":{"line":127,"column":79}},"53":{"start":{"line":136,"column":30},"end":{"line":136,"column":96}},"54":{"start":{"line":137,"column":4},"end":{"line":142,"column":6}},"55":{"start":{"line":146,"column":20},"end":{"line":146,"column":64}},"56":{"start":{"line":147,"column":4},"end":{"line":147,"column":35}},"57":{"start":{"line":151,"column":4},"end":{"line":151,"column":60}},"58":{"start":{"line":159,"column":20},"end":{"line":159,"column":73}},"59":{"start":{"line":160,"column":4},"end":{"line":162,"column":5}},"60":{"start":{"line":161,"column":6},"end":{"line":161,"column":83}},"61":{"start":{"line":172,"column":4},"end":{"line":184,"column":5}},"62":{"start":{"line":173,"column":28},"end":{"line":173,"column":73}},"63":{"start":{"line":174,"column":6},"end":{"line":181,"column":7}},"64":{"start":{"line":175,"column":25},"end":{"line":175,"column":77}},"65":{"start":{"line":176,"column":8},"end":{"line":180,"column":9}},"66":{"start":{"line":177,"column":10},"end":{"line":177,"column":52}},"67":{"start":{"line":178,"column":15},"end":{"line":180,"column":9}},"68":{"start":{"line":179,"column":10},"end":{"line":179,"column":51}},"69":{"start":{"line":190,"column":4},"end":{"line":197,"column":7}},"70":{"start":{"line":16,"column":13},"end":{"line":16,"column":28}},"71":{"start":{"line":171,"column":8},"end":{"line":185,"column":null}},"72":{"start":{"line":16,"column":13},"end":{"line":199,"column":null}}},"fnMap":{"0":{"name":"(anonymous_2)","decl":{"start":{"line":17,"column":2},"end":{"line":17,"column":null}},"loc":{"start":{"line":19,"column":57},"end":{"line":20,"column":6}}},"1":{"name":"(anonymous_3)","decl":{"start":{"line":24,"column":2},"end":{"line":24,"column":7}},"loc":{"start":{"line":24,"column":54},"end":{"line":48,"column":3}}},"2":{"name":"(anonymous_4)","decl":{"start":{"line":50,"column":2},"end":{"line":50,"column":7}},"loc":{"start":{"line":50,"column":60},"end":{"line":78,"column":3}}},"3":{"name":"(anonymous_5)","decl":{"start":{"line":80,"column":2},"end":{"line":80,"column":7}},"loc":{"start":{"line":80,"column":56},"end":{"line":92,"column":3}}},"4":{"name":"(anonymous_6)","decl":{"start":{"line":94,"column":2},"end":{"line":94,"column":7}},"loc":{"start":{"line":94,"column":51},"end":{"line":116,"column":3}}},"5":{"name":"(anonymous_7)","decl":{"start":{"line":113,"column":68},"end":{"line":113,"column":71}},"loc":{"start":{"line":113,"column":73},"end":{"line":113,"column":76}}},"6":{"name":"(anonymous_8)","decl":{"start":{"line":118,"column":2},"end":{"line":118,"column":7}},"loc":{"start":{"line":118,"column":53},"end":{"line":128,"column":3}}},"7":{"name":"(anonymous_9)","decl":{"start":{"line":127,"column":69},"end":{"line":127,"column":72}},"loc":{"start":{"line":127,"column":74},"end":{"line":127,"column":77}}},"8":{"name":"(anonymous_10)","decl":{"start":{"line":130,"column":2},"end":{"line":130,"column":7}},"loc":{"start":{"line":134,"column":19},"end":{"line":143,"column":3}}},"9":{"name":"(anonymous_11)","decl":{"start":{"line":145,"column":2},"end":{"line":145,"column":7}},"loc":{"start":{"line":145,"column":39},"end":{"line":148,"column":3}}},"10":{"name":"(anonymous_12)","decl":{"start":{"line":150,"column":2},"end":{"line":150,"column":7}},"loc":{"start":{"line":150,"column":53},"end":{"line":152,"column":3}}},"11":{"name":"(anonymous_13)","decl":{"start":{"line":158,"column":2},"end":{"line":158,"column":7}},"loc":{"start":{"line":158,"column":54},"end":{"line":163,"column":3}}},"12":{"name":"(anonymous_14)","decl":{"start":{"line":171,"column":2},"end":{"line":171,"column":7}},"loc":{"start":{"line":171,"column":30},"end":{"line":185,"column":3}}},"13":{"name":"(anonymous_15)","decl":{"start":{"line":189,"column":10},"end":{"line":189,"column":15}},"loc":{"start":{"line":189,"column":32},"end":{"line":198,"column":3}}}},"branchMap":{"0":{"loc":{"start":{"line":25,"column":4},"end":{"line":27,"column":5}},"type":"if","locations":[{"start":{"line":25,"column":4},"end":{"line":27,"column":5}}]},"1":{"loc":{"start":{"line":31,"column":4},"end":{"line":33,"column":5}},"type":"if","locations":[{"start":{"line":31,"column":4},"end":{"line":33,"column":5}}]},"2":{"loc":{"start":{"line":36,"column":4},"end":{"line":38,"column":5}},"type":"if","locations":[{"start":{"line":36,"column":4},"end":{"line":38,"column":5}}]},"3":{"loc":{"start":{"line":44,"column":13},"end":{"line":44,"column":30}},"type":"binary-expr","locations":[{"start":{"line":44,"column":13},"end":{"line":44,"column":22}},{"start":{"line":44,"column":26},"end":{"line":44,"column":30}}]},"4":{"loc":{"start":{"line":53,"column":4},"end":{"line":55,"column":5}},"type":"if","locations":[{"start":{"line":53,"column":4},"end":{"line":55,"column":5}}]},"5":{"loc":{"start":{"line":56,"column":4},"end":{"line":58,"column":5}},"type":"if","locations":[{"start":{"line":56,"column":4},"end":{"line":58,"column":5}}]},"6":{"loc":{"start":{"line":65,"column":4},"end":{"line":75,"column":5}},"type":"if","locations":[{"start":{"line":65,"column":4},"end":{"line":75,"column":5}},{"start":{"line":72,"column":11},"end":{"line":75,"column":5}}]},"7":{"loc":{"start":{"line":82,"column":4},"end":{"line":84,"column":5}},"type":"if","locations":[{"start":{"line":82,"column":4},"end":{"line":84,"column":5}}]},"8":{"loc":{"start":{"line":89,"column":4},"end":{"line":91,"column":5}},"type":"if","locations":[{"start":{"line":89,"column":4},"end":{"line":91,"column":5}}]},"9":{"loc":{"start":{"line":95,"column":4},"end":{"line":97,"column":5}},"type":"if","locations":[{"start":{"line":95,"column":4},"end":{"line":97,"column":5}}]},"10":{"loc":{"start":{"line":100,"column":4},"end":{"line":110,"column":5}},"type":"if","locations":[{"start":{"line":100,"column":4},"end":{"line":110,"column":5}},{"start":{"line":103,"column":11},"end":{"line":110,"column":5}}]},"11":{"loc":{"start":{"line":120,"column":4},"end":{"line":122,"column":5}},"type":"if","locations":[{"start":{"line":120,"column":4},"end":{"line":122,"column":5}}]},"12":{"loc":{"start":{"line":120,"column":8},"end":{"line":120,"column":60}},"type":"binary-expr","locations":[{"start":{"line":120,"column":8},"end":{"line":120,"column":16}},{"start":{"line":120,"column":20},"end":{"line":120,"column":60}}]},"13":{"loc":{"start":{"line":132,"column":4},"end":{"line":132,"column":12}},"type":"default-arg","locations":[{"start":{"line":132,"column":11},"end":{"line":132,"column":12}}]},"14":{"loc":{"start":{"line":133,"column":4},"end":{"line":133,"column":14}},"type":"default-arg","locations":[{"start":{"line":133,"column":12},"end":{"line":133,"column":14}}]},"15":{"loc":{"start":{"line":160,"column":4},"end":{"line":162,"column":5}},"type":"if","locations":[{"start":{"line":160,"column":4},"end":{"line":162,"column":5}}]},"16":{"loc":{"start":{"line":176,"column":8},"end":{"line":180,"column":9}},"type":"if","locations":[{"start":{"line":176,"column":8},"end":{"line":180,"column":9}},{"start":{"line":178,"column":15},"end":{"line":180,"column":9}}]},"17":{"loc":{"start":{"line":176,"column":12},"end":{"line":176,"column":81}},"type":"binary-expr","locations":[{"start":{"line":176,"column":12},"end":{"line":176,"column":21}},{"start":{"line":176,"column":26},"end":{"line":176,"column":35}},{"start":{"line":176,"column":39},"end":{"line":176,"column":80}}]},"18":{"loc":{"start":{"line":178,"column":15},"end":{"line":180,"column":9}},"type":"if","locations":[{"start":{"line":178,"column":15},"end":{"line":180,"column":9}}]},"19":{"loc":{"start":{"line":178,"column":19},"end":{"line":178,"column":75}},"type":"binary-expr","locations":[{"start":{"line":178,"column":19},"end":{"line":178,"column":29}},{"start":{"line":178,"column":33},"end":{"line":178,"column":75}}]}},"s":{"0":2,"1":2,"2":2,"3":2,"4":2,"5":2,"6":2,"7":24,"8":24,"9":4,"10":1,"11":3,"12":3,"13":1,"14":2,"15":2,"16":1,"17":1,"18":1,"19":3,"20":3,"21":1,"22":2,"23":1,"24":1,"25":1,"26":1,"27":1,"28":1,"29":0,"30":0,"31":1,"32":2,"33":2,"34":1,"35":1,"36":1,"37":1,"38":1,"39":5,"40":1,"41":4,"42":4,"43":1,"44":1,"45":3,"46":4,"47":4,"48":3,"49":3,"50":2,"51":1,"52":1,"53":1,"54":1,"55":1,"56":1,"57":1,"58":2,"59":2,"60":1,"61":3,"62":3,"63":2,"64":2,"65":2,"66":1,"67":1,"68":1,"69":8,"70":2,"71":2,"72":2},"f":{"0":24,"1":4,"2":3,"3":2,"4":5,"5":0,"6":3,"7":0,"8":1,"9":1,"10":1,"11":2,"12":3,"13":8},"b":{"0":[1],"1":[1],"2":[1],"3":[1,0],"4":[1],"5":[1],"6":[1,0],"7":[1],"8":[1],"9":[1],"10":[1,3],"11":[2],"12":[3,2],"13":[0],"14":[0],"15":[1],"16":[1,1],"17":[2,1,0],"18":[1],"19":[1,1]}}
,"/home/mathews/Desktop/Contact & Friends Module/src/contacts/dto/add-contact.dto.ts": {"path":"/home/mathews/Desktop/Contact & Friends Module/src/contacts/dto/add-contact.dto.ts","statementMap":{"0":{"start":{"line":1,"column":0},"end":{"line":1,"column":74}},"1":{"start":{"line":3,"column":0},"end":{"line":3,"column":13}},"2":{"start":{"line":5,"column":2},"end":{"line":5,"column":null}},"3":{"start":{"line":10,"column":2},"end":{"line":10,"column":null}}},"fnMap":{},"branchMap":{},"s":{"0":1,"1":1,"2":1,"3":1},"f":{},"b":{}}
,"/home/mathews/Desktop/Contact & Friends Module/src/contacts/dto/contact-response.dto.ts": {"path":"/home/mathews/Desktop/Contact & Friends Module/src/contacts/dto/contact-response.dto.ts","statementMap":{"0":{"start":{"line":12,"column":4},"end":{"line":12,"column":33}},"1":{"start":{"line":3,"column":0},"end":{"line":3,"column":13}},"2":{"start":{"line":16,"column":0},"end":{"line":16,"column":13}}},"fnMap":{"0":{"name":"(anonymous_0)","decl":{"start":{"line":11,"column":2},"end":{"line":11,"column":14}},"loc":{"start":{"line":11,"column":50},"end":{"line":13,"column":3}}}},"branchMap":{},"s":{"0":13,"1":2,"2":2},"f":{"0":13},"b":{}}
,"/home/mathews/Desktop/Contact & Friends Module/src/contacts/entities/contact.entity.ts": {"path":"/home/mathews/Desktop/Contact & Friends Module/src/contacts/entities/contact.entity.ts","statementMap":{"0":{"start":{"line":1,"column":0},"end":{"line":1,"column":null}},"1":{"start":{"line":10,"column":0},"end":{"line":10,"column":null}},"2":{"start":{"line":11,"column":2},"end":{"line":11,"column":null}},"3":{"start":{"line":12,"column":2},"end":{"line":12,"column":null}},"4":{"start":{"line":13,"column":2},"end":{"line":13,"column":null}},"5":{"start":{"line":20,"column":7},"end":{"line":45,"column":null}},"6":{"start":{"line":20,"column":13},"end":{"line":20,"column":20}},"7":{"start":{"line":22,"column":2},"end":{"line":22,"column":null}},"8":{"start":{"line":26,"column":2},"end":{"line":26,"column":null}},"9":{"start":{"line":30,"column":2},"end":{"line":30,"column":null}},"10":{"start":{"line":37,"column":2},"end":{"line":37,"column":null}},"11":{"start":{"line":41,"column":2},"end":{"line":41,"column":null}},"12":{"start":{"line":44,"column":2},"end":{"line":44,"column":null}},"13":{"start":{"line":20,"column":13},"end":{"line":45,"column":null}}},"fnMap":{"0":{"name":"(anonymous_2)","decl":{"start":{"line":10,"column":0},"end":{"line":10,"column":12}},"loc":{"start":{"line":10,"column":25},"end":{"line":14,"column":1}}}},"branchMap":{"0":{"loc":{"start":{"line":10,"column":12},"end":{"line":10,"column":null}},"type":"binary-expr","locations":[{"start":{"line":10,"column":12},"end":{"line":10,"column":25}},{"start":{"line":10,"column":25},"end":{"line":10,"column":null}}]}},"s":{"0":2,"1":2,"2":2,"3":2,"4":2,"5":2,"6":2,"7":2,"8":2,"9":2,"10":2,"11":2,"12":2,"13":2},"f":{"0":2},"b":{"0":[2,2]}}
}
