TN:
SF:src/contacts/contacts.controller.ts
FN:27,(anonymous_4)
FN:31,(anonymous_5)
FN:40,(anonymous_6)
FN:51,(anonymous_7)
FN:57,(anonymous_8)
FN:67,(anonymous_9)
FN:76,(anonymous_10)
FN:86,(anonymous_11)
FNF:8
FNH:7
FNDA:1,(anonymous_4)
FNDA:0,(anonymous_5)
FNDA:2,(anonymous_6)
FNDA:1,(anonymous_7)
FNDA:1,(anonymous_8)
FNDA:1,(anonymous_9)
FNDA:1,(anonymous_10)
FNDA:1,(anonymous_11)
DA:1,1
DA:17,1
DA:18,1
DA:20,1
DA:21,1
DA:26,1
DA:27,1
DA:31,1
DA:35,0
DA:40,1
DA:46,2
DA:51,1
DA:52,1
DA:57,1
DA:61,1
DA:67,1
DA:71,1
DA:76,1
DA:80,1
DA:86,1
DA:90,1
LF:21
LH:20
BRF:0
BRH:0
end_of_record
TN:
SF:src/contacts/contacts.repository.ts
FN:14,(anonymous_4)
FN:19,(anonymous_5)
FN:24,(anonymous_6)
FN:28,(anonymous_7)
FN:32,(anonymous_8)
FN:53,(anonymous_9)
FN:60,(anonymous_10)
FN:64,(anonymous_11)
FN:71,(anonymous_12)
FN:81,(anonymous_13)
FNF:10
FNH:0
FNDA:0,(anonymous_4)
FNDA:0,(anonymous_5)
FNDA:0,(anonymous_6)
FNDA:0,(anonymous_7)
FNDA:0,(anonymous_8)
FNDA:0,(anonymous_9)
FNDA:0,(anonymous_10)
FNDA:0,(anonymous_11)
FNDA:0,(anonymous_12)
FNDA:0,(anonymous_13)
DA:1,2
DA:2,2
DA:3,2
DA:4,2
DA:13,2
DA:16,0
DA:20,0
DA:21,0
DA:25,0
DA:29,0
DA:38,0
DA:43,0
DA:45,0
DA:48,0
DA:50,0
DA:54,0
DA:61,0
DA:65,0
DA:72,0
DA:75,0
DA:82,0
DA:90,0
LF:22
LH:5
BRDA:34,0,0,0
BRDA:35,1,0,0
BRDA:43,2,0,0
BRF:3
BRH:0
end_of_record
TN:
SF:src/contacts/contacts.service.ts
FN:17,(anonymous_2)
FN:24,(anonymous_3)
FN:50,(anonymous_4)
FN:80,(anonymous_5)
FN:94,(anonymous_6)
FN:113,(anonymous_7)
FN:118,(anonymous_8)
FN:127,(anonymous_9)
FN:130,(anonymous_10)
FN:145,(anonymous_11)
FN:150,(anonymous_12)
FN:158,(anonymous_13)
FN:171,(anonymous_14)
FN:189,(anonymous_15)
FNF:14
FNH:12
FNDA:24,(anonymous_2)
FNDA:4,(anonymous_3)
FNDA:3,(anonymous_4)
FNDA:2,(anonymous_5)
FNDA:5,(anonymous_6)
FNDA:0,(anonymous_7)
FNDA:3,(anonymous_8)
FNDA:0,(anonymous_9)
FNDA:1,(anonymous_10)
FNDA:1,(anonymous_11)
FNDA:1,(anonymous_12)
FNDA:2,(anonymous_13)
FNDA:3,(anonymous_14)
FNDA:8,(anonymous_15)
DA:1,2
DA:8,2
DA:9,2
DA:10,2
DA:12,2
DA:13,2
DA:16,2
DA:18,24
DA:19,24
DA:25,4
DA:26,1
DA:30,3
DA:31,3
DA:32,1
DA:35,2
DA:36,2
DA:37,1
DA:40,1
DA:47,1
DA:52,3
DA:53,3
DA:54,1
DA:56,2
DA:57,1
DA:60,1
DA:61,1
DA:64,1
DA:65,1
DA:66,1
DA:73,0
DA:74,0
DA:77,1
DA:81,2
DA:82,2
DA:83,1
DA:85,1
DA:88,1
DA:89,1
DA:90,1
DA:95,5
DA:96,1
DA:99,4
DA:100,4
DA:101,1
DA:102,1
DA:104,3
DA:113,4
DA:115,4
DA:119,3
DA:120,3
DA:121,2
DA:124,1
DA:127,1
DA:136,1
DA:137,1
DA:146,1
DA:147,1
DA:151,1
DA:159,2
DA:160,2
DA:161,1
DA:171,2
DA:172,3
DA:173,3
DA:174,2
DA:175,2
DA:176,2
DA:177,1
DA:178,1
DA:179,1
DA:190,8
LF:71
LH:69
BRDA:25,0,0,1
BRDA:31,1,0,1
BRDA:36,2,0,1
BRDA:44,3,0,1
BRDA:44,3,1,0
BRDA:53,4,0,1
BRDA:56,5,0,1
BRDA:65,6,0,1
BRDA:65,6,1,0
BRDA:82,7,0,1
BRDA:89,8,0,1
BRDA:95,9,0,1
BRDA:100,10,0,1
BRDA:100,10,1,3
BRDA:120,11,0,2
BRDA:120,12,0,3
BRDA:120,12,1,2
BRDA:132,13,0,0
BRDA:133,14,0,0
BRDA:160,15,0,1
BRDA:176,16,0,1
BRDA:176,16,1,1
BRDA:176,17,0,2
BRDA:176,17,1,1
BRDA:176,17,2,0
BRDA:178,18,0,1
BRDA:178,19,0,1
BRDA:178,19,1,1
BRF:28
BRH:23
end_of_record
TN:
SF:src/contacts/dto/add-contact.dto.ts
FNF:0
FNH:0
DA:1,1
DA:3,1
DA:5,1
DA:10,1
LF:4
LH:4
BRF:0
BRH:0
end_of_record
TN:
SF:src/contacts/dto/contact-response.dto.ts
FN:11,(anonymous_0)
FNF:1
FNH:1
FNDA:13,(anonymous_0)
DA:3,2
DA:12,13
DA:16,2
LF:3
LH:3
BRF:0
BRH:0
end_of_record
TN:
SF:src/contacts/entities/contact.entity.ts
FN:10,(anonymous_2)
FNF:1
FNH:1
FNDA:2,(anonymous_2)
DA:1,2
DA:10,2
DA:11,2
DA:12,2
DA:13,2
DA:20,2
DA:22,2
DA:26,2
DA:30,2
DA:37,2
DA:41,2
DA:44,2
LF:12
LH:12
BRDA:10,0,0,2
BRDA:10,0,1,2
BRF:2
BRH:2
end_of_record
